<?xml version="1.0" encoding="UTF-8"?>
<testsuites name="Test Suite" time="14.124" tests="1" failures="0" errors="0">
   <testsuite name="Test Suite" tests="1" failures="0" errors="0" time="14.124" skipped="0" timestamp="21-01-2025T21:17:27" hostname="lakshmanan.harikrish - SLTB233" id="Test Suites/Test Suite">
      <properties>
         <property name="deviceName" value=""/>
         <property name="devicePlatform"/>
         <property name="logFolder" value="C:\\Users\\lakshmanan.harikrish\\git\\Test-Automation\\Reports\\20250121_211720\\Test Suite\\20250121_211721"/>
         <property name="logFiles" value="C:\\Users\\lakshmanan.harikrish\\git\\Test-Automation\\Reports\\20250121_211720\\Test Suite\\20250121_211721\\execution0.log"/>
         <property name="attachments" value=""/>
         <property name="hostName" value="lakshmanan.harikrish - SLTB233"/>
         <property name="os" value="Windows 10 64bit"/>
         <property name="katalonVersion" value="9.7.2.223"/>
         <property name="browser" value="Chrome 131.0.0.0"/>
         <property name="hostAddress" value="192.168.1.3"/>
         <property name="sessionId" value="52bb2a8c1edfff1195d6dea0e8cee80a"/>
         <property name="seleniumVersion" value="3.141.59"/>
         <property name="proxyInformation" value="ProxyInformation { proxyOption=NO_PROXY, proxyServerType=HTTP, username=, password=********, proxyServerAddress=, proxyServerPort=0, executionList=&quot;&quot;, isApplyToDesiredCapabilities=true }"/>
         <property name="platform" value="Windows 10"/>
      </properties>
      <testcase name="Test Cases/Login" time="13.965" classname="Test Cases/Login" status="PASSED">
         <system-out><![CDATA[21-01-2025T21:17:28 - [TEST_CASE][PASSED] - Test Cases/Login: Test Cases/Login

21-01-2025T21:17:28 - [TEST_STEP][PASSED] - openBrowser(""): Browser is opened with url: ''

21-01-2025T21:17:28 - [MESSAGE][INFO] - Starting 'Chrome' driver

21-01-2025T21:17:28 - [MESSAGE][INFO] - Action delay is set to 0 milliseconds

21-01-2025T21:17:31 - [MESSAGE][PASSED] - Browser is opened with url: ''

21-01-2025T21:17:31 - [TEST_STEP][PASSED] - delay(2): Delayed 2 second(s)

21-01-2025T21:17:33 - [MESSAGE][PASSED] - Delayed 2 second(s)

21-01-2025T21:17:33 - [TEST_STEP][PASSED] - navigateToUrl("https://sftd1--testingcoe.sandbox.my.site.com/CRMITCommunity/s/"): Navigate to 'https://sftd1--testingcoe.sandbox.my.site.com/CRMITCommunity/s/' successfully

21-01-2025T21:17:39 - [MESSAGE][PASSED] - Navigate to 'https://sftd1--testingcoe.sandbox.my.site.com/CRMITCommunity/s/' successfully

21-01-2025T21:17:39 - [TEST_STEP][PASSED] - setText(findTestObject("Login_Page/Username"), Username): Text 'chaithra.kn@crmit.com.testingcoe' is set on object 'Object Repository/Login_Page/Username'

21-01-2025T21:17:39 - [MESSAGE][PASSED] - Text 'chaithra.kn@crmit.com.testingcoe' is set on object 'Object Repository/Login_Page/Username'

21-01-2025T21:17:39 - [TEST_STEP][PASSED] - setText(findTestObject("Login_Page/Password"), Password): Text 'Password$2024' is set on object 'Object Repository/Login_Page/Password'

21-01-2025T21:17:40 - [MESSAGE][PASSED] - Text 'Password$2024' is set on object 'Object Repository/Login_Page/Password'

21-01-2025T21:17:40 - [TEST_STEP][PASSED] - click(findTestObject("Login_Page/Log in")): Object: 'Object Repository/Login_Page/Log in' is clicked on

21-01-2025T21:17:40 - [MESSAGE][PASSED] - Object: 'Object Repository/Login_Page/Log in' is clicked on

21-01-2025T21:17:40 - [TEST_STEP][PASSED] - closeBrowser(): Browser is closed

21-01-2025T21:17:41 - [MESSAGE][PASSED] - Browser is closed]]></system-out>
         <system-err><![CDATA[]]></system-err>
      </testcase>
      <system-out><![CDATA[21-01-2025T21:17:27 - [TEST_SUITE][PASSED] - Test Suite: Test Cases/Login]]></system-out>
      <system-err><![CDATA[]]></system-err>
   </testsuite>
</testsuites>
